0 info it worked if it ends with ok
1 verbose cli [ '/usr/local/bin/node',
1 verbose cli   '/usr/local/bin/npm',
1 verbose cli   'install',
1 verbose cli   '-g',
1 verbose cli   'bower' ]
2 info using npm@2.14.7
3 info using node@v4.2.2
4 verbose install initial load of /usr/local/lib/package.json
5 verbose readDependencies loading dependencies from /usr/local/lib/package.json
6 silly cache add args [ 'bower', null ]
7 verbose cache add spec bower
8 silly cache add parsed spec Result {
8 silly cache add   raw: 'bower',
8 silly cache add   scope: null,
8 silly cache add   name: 'bower',
8 silly cache add   rawSpec: '',
8 silly cache add   spec: '*',
8 silly cache add   type: 'range' }
9 silly addNamed bower@*
10 verbose addNamed "*" is a valid semver range for bower
11 silly addNameRange { name: 'bower', range: '*', hasData: false }
12 silly mapToRegistry name bower
13 silly mapToRegistry using default registry
14 silly mapToRegistry registry https://registry.npmjs.org/
15 silly mapToRegistry uri https://registry.npmjs.org/bower
16 verbose addNameRange registry:https://registry.npmjs.org/bower not in flight; fetching
17 verbose request uri https://registry.npmjs.org/bower
18 verbose request no auth needed
19 info attempt registry request try #1 at 3:16:08 PM
20 verbose request id 514621ada5ff126d
21 verbose etag "6H318TYNZVM0X8MO86A81RWJP"
22 http request GET https://registry.npmjs.org/bower
23 http 304 https://registry.npmjs.org/bower
24 verbose headers { date: 'Sun, 13 Dec 2015 14:16:07 GMT',
24 verbose headers   via: '1.1 varnish',
24 verbose headers   'cache-control': 'max-age=300',
24 verbose headers   etag: '"6H318TYNZVM0X8MO86A81RWJP"',
24 verbose headers   age: '173',
24 verbose headers   connection: 'keep-alive',
24 verbose headers   'x-served-by': 'cache-fra1235-FRA',
24 verbose headers   'x-cache': 'HIT',
24 verbose headers   'x-cache-hits': '2',
24 verbose headers   'x-timer': 'S1450016167.792914,VS0,VE0',
24 verbose headers   vary: 'Accept' }
25 silly get cb [ 304,
25 silly get   { date: 'Sun, 13 Dec 2015 14:16:07 GMT',
25 silly get     via: '1.1 varnish',
25 silly get     'cache-control': 'max-age=300',
25 silly get     etag: '"6H318TYNZVM0X8MO86A81RWJP"',
25 silly get     age: '173',
25 silly get     connection: 'keep-alive',
25 silly get     'x-served-by': 'cache-fra1235-FRA',
25 silly get     'x-cache': 'HIT',
25 silly get     'x-cache-hits': '2',
25 silly get     'x-timer': 'S1450016167.792914,VS0,VE0',
25 silly get     vary: 'Accept' } ]
26 verbose etag https://registry.npmjs.org/bower from cache
27 verbose get saving bower to /Users/troycampbell/.npm/registry.npmjs.org/bower/.cache.json
28 silly addNameRange number 2 { name: 'bower', range: '*', hasData: true }
29 silly addNameRange versions [ 'bower',
29 silly addNameRange   [ '0.1.0',
29 silly addNameRange     '0.1.2',
29 silly addNameRange     '0.1.3',
29 silly addNameRange     '0.2.0',
29 silly addNameRange     '0.3.0',
29 silly addNameRange     '0.3.1',
29 silly addNameRange     '0.3.2',
29 silly addNameRange     '0.4.0',
29 silly addNameRange     '0.5.0',
29 silly addNameRange     '0.5.1',
29 silly addNameRange     '0.6.0',
29 silly addNameRange     '0.6.1',
29 silly addNameRange     '0.6.2',
29 silly addNameRange     '0.6.3',
29 silly addNameRange     '0.6.4',
29 silly addNameRange     '0.6.5',
29 silly addNameRange     '0.6.6',
29 silly addNameRange     '0.6.7',
29 silly addNameRange     '0.6.8',
29 silly addNameRange     '0.7.0',
29 silly addNameRange     '0.7.1',
29 silly addNameRange     '0.8.0',
29 silly addNameRange     '0.8.1',
29 silly addNameRange     '0.8.2',
29 silly addNameRange     '0.8.3',
29 silly addNameRange     '0.8.4',
29 silly addNameRange     '0.8.5',
29 silly addNameRange     '0.8.6',
29 silly addNameRange     '0.9.0',
29 silly addNameRange     '0.9.1',
29 silly addNameRange     '0.9.2',
29 silly addNameRange     '0.10.0',
29 silly addNameRange     '1.0.0',
29 silly addNameRange     '1.0.1',
29 silly addNameRange     '1.0.2',
29 silly addNameRange     '1.0.3',
29 silly addNameRange     '1.1.0',
29 silly addNameRange     '1.1.1',
29 silly addNameRange     '1.1.2',
29 silly addNameRange     '1.2.0',
29 silly addNameRange     '1.2.1',
29 silly addNameRange     '1.2.2',
29 silly addNameRange     '1.2.3',
29 silly addNameRange     '1.2.4',
29 silly addNameRange     '1.2.5',
29 silly addNameRange     '1.2.6',
29 silly addNameRange     '1.2.7',
29 silly addNameRange     '1.2.8',
29 silly addNameRange     '1.3.0',
29 silly addNameRange     '1.3.1',
29 silly addNameRange     '1.3.2',
29 silly addNameRange     '1.3.3',
29 silly addNameRange     '1.3.4',
29 silly addNameRange     '1.3.5',
29 silly addNameRange     '1.3.6',
29 silly addNameRange     '1.3.7',
29 silly addNameRange     '1.3.8',
29 silly addNameRange     '1.3.9',
29 silly addNameRange     '1.3.10',
29 silly addNameRange     '1.3.11',
29 silly addNameRange     '1.3.12',
29 silly addNameRange     '1.4.0',
29 silly addNameRange     '1.4.1',
29 silly addNameRange     '1.5.0',
29 silly addNameRange     '1.5.1',
29 silly addNameRange     '1.5.2',
29 silly addNameRange     '1.5.3',
29 silly addNameRange     '1.6.2',
29 silly addNameRange     '1.6.3',
29 silly addNameRange     '1.6.4',
29 silly addNameRange     '1.6.5',
29 silly addNameRange     '1.5.4',
29 silly addNameRange     '1.4.2',
29 silly addNameRange     '1.6.6',
29 silly addNameRange     '1.6.7',
29 silly addNameRange     '1.6.8',
29 silly addNameRange     '1.6.9',
29 silly addNameRange     '1.7.0',
29 silly addNameRange     '1.7.1' ] ]
30 silly addNamed bower@1.7.1
31 verbose addNamed "1.7.1" is a plain semver version for bower
32 silly cache afterAdd bower@1.7.1
33 verbose afterAdd /Users/troycampbell/.npm/bower/1.7.1/package/package.json not in flight; writing
34 verbose afterAdd /Users/troycampbell/.npm/bower/1.7.1/package/package.json written
35 silly install resolved [ { name: 'bower',
35 silly install resolved     version: '1.7.1',
35 silly install resolved     description: 'The browser package manager',
35 silly install resolved     author: { name: 'Twitter' },
35 silly install resolved     license: 'MIT',
35 silly install resolved     repository: { type: 'git', url: 'git+https://github.com/bower/bower.git' },
35 silly install resolved     main: 'lib',
35 silly install resolved     homepage: 'http://bower.io',
35 silly install resolved     engines: { node: '>=0.10.0' },
35 silly install resolved     keywords: [ 'bower' ],
35 silly install resolved     dependencies:
35 silly install resolved      { abbrev: '^1.0.5',
35 silly install resolved        archy: '1.0.0',
35 silly install resolved        'bower-config': '^1.3.0',
35 silly install resolved        'bower-endpoint-parser': '^0.2.2',
35 silly install resolved        'bower-json': '^0.4.0',
35 silly install resolved        'bower-logger': '^0.2.2',
35 silly install resolved        'bower-registry-client': '^1.0.0',
35 silly install resolved        cardinal: '0.4.4',
35 silly install resolved        chalk: '^1.0.0',
35 silly install resolved        chmodr: '^1.0.2',
35 silly install resolved        configstore: '^0.3.2',
35 silly install resolved        'decompress-zip': '^0.1.0',
35 silly install resolved        destroy: '^1.0.3',
35 silly install resolved        'fs-write-stream-atomic': '^1.0.5',
35 silly install resolved        fstream: '^1.0.3',
35 silly install resolved        'fstream-ignore': '^1.0.2',
35 silly install resolved        github: '^0.2.3',
35 silly install resolved        glob: '^4.3.2',
35 silly install resolved        'graceful-fs': '^3.0.5',
35 silly install resolved        handlebars: '^2.0.0',
35 silly install resolved        inquirer: '0.10.0',
35 silly install resolved        insight: '^0.7.0',
35 silly install resolved        'is-root': '^1.0.0',
35 silly install resolved        junk: '^1.0.0',
35 silly install resolved        lockfile: '^1.0.0',
35 silly install resolved        'lru-cache': '^2.5.0',
35 silly install resolved        'md5-hex': '^1.0.2',
35 silly install resolved        mkdirp: '0.5.0',
35 silly install resolved        mout: '^0.11.0',
35 silly install resolved        nopt: '^3.0.1',
35 silly install resolved        opn: '^1.0.1',
35 silly install resolved        'p-throttler': '0.1.1',
35 silly install resolved        promptly: '0.2.0',
35 silly install resolved        q: '^1.1.2',
35 silly install resolved        request: '2.53.0',
35 silly install resolved        'request-progress': '0.3.1',
35 silly install resolved        retry: '0.6.1',
35 silly install resolved        rimraf: '^2.2.8',
35 silly install resolved        semver: '^2.3.0',
35 silly install resolved        'semver-utils': '^1.1.1',
35 silly install resolved        'shell-quote': '^1.4.2',
35 silly install resolved        'stringify-object': '^1.0.0',
35 silly install resolved        'tar-fs': '^1.4.1',
35 silly install resolved        tmp: '0.0.24',
35 silly install resolved        'update-notifier': '^0.6.0',
35 silly install resolved        'user-home': '^1.1.0',
35 silly install resolved        which: '^1.0.8' },
35 silly install resolved     devDependencies:
35 silly install resolved      { chai: '^1.10.0',
35 silly install resolved        coveralls: '^2.11.2',
35 silly install resolved        'expect.js': '^0.3.1',
35 silly install resolved        grunt: '^0.4.5',
35 silly install resolved        'grunt-cli': '^0.1.13',
35 silly install resolved        'grunt-contrib-jshint': '^0.10.0',
35 silly install resolved        'grunt-contrib-watch': '^0.6.1',
35 silly install resolved        'grunt-exec': '^0.4.6',
35 silly install resolved        'grunt-jscs': '^2.3.0',
35 silly install resolved        'grunt-simple-mocha': '^0.4.0',
35 silly install resolved        istanbul: '^0.3.5',
35 silly install resolved        'load-grunt-tasks': '^2.0.0',
35 silly install resolved        mocha: '^2.1.0',
35 silly install resolved        multiline: '^1.0.2',
35 silly install resolved        nock: '^3.1.0',
35 silly install resolved        'node-uuid': '^1.4.2',
35 silly install resolved        proxyquire: '^1.3.0',
35 silly install resolved        'spawn-sync': '1.0.13' },
35 silly install resolved     scripts:
35 silly install resolved      { test: 'grunt test',
35 silly install resolved        ci: 'grunt travis',
35 silly install resolved        coveralls: 'coveralls' },
35 silly install resolved     bin: { bower: 'bin/bower' },
35 silly install resolved     files: [ 'bin', 'lib', 'templates' ],
35 silly install resolved     gitHead: 'e168c894a2a810b2e89c21320914029193a82c42',
35 silly install resolved     bugs: { url: 'https://github.com/bower/bower/issues' },
35 silly install resolved     bundleDependencies:
35 silly install resolved      [ 'abbrev',
35 silly install resolved        'archy',
35 silly install resolved        'bower-config',
35 silly install resolved        'bower-endpoint-parser',
35 silly install resolved        'bower-json',
35 silly install resolved        'bower-logger',
35 silly install resolved        'bower-registry-client',
35 silly install resolved        'cardinal',
35 silly install resolved        'chalk',
35 silly install resolved        'chmodr',
35 silly install resolved        'configstore',
35 silly install resolved        'decompress-zip',
35 silly install resolved        'destroy',
35 silly install resolved        'fs-write-stream-atomic',
35 silly install resolved        'fstream',
35 silly install resolved        'fstream-ignore',
35 silly install resolved        'github',
35 silly install resolved        'glob',
35 silly install resolved        'graceful-fs',
35 silly install resolved        'handlebars',
35 silly install resolved        'inquirer',
35 silly install resolved        'insight',
35 silly install resolved        'is-root',
35 silly install resolved        'junk',
35 silly install resolved        'lockfile',
35 silly install resolved        'lru-cache',
35 silly install resolved        'md5-hex',
35 silly install resolved        'mkdirp',
35 silly install resolved        'mout',
35 silly install resolved        'nopt',
35 silly install resolved        'opn',
35 silly install resolved        'p-throttler',
35 silly install resolved        'promptly',
35 silly install resolved        'q',
35 silly install resolved        'request',
35 silly install resolved        'request-progress',
35 silly install resolved        'retry',
35 silly install resolved        'rimraf',
35 silly install resolved        'semver',
35 silly install resolved        'shell-quote',
35 silly install resolved        'stringify-object',
35 silly install resolved        'tar-fs',
35 silly install resolved        'tmp',
35 silly install resolved        'update-notifier',
35 silly install resolved        'user-home',
35 silly install resolved        'which' ],
35 silly install resolved     _id: 'bower@1.7.1',
35 silly install resolved     _shasum: '8d0c1a31d85237b3629fd2af981bd11e1b1dca82',
35 silly install resolved     _from: 'bower@*',
35 silly install resolved     _npmVersion: '2.14.4',
35 silly install resolved     _nodeVersion: '4.1.1',
35 silly install resolved     _npmUser: { name: 'sheerun', email: 'sheerun@sher.pl' },
35 silly install resolved     dist:
35 silly install resolved      { shasum: '8d0c1a31d85237b3629fd2af981bd11e1b1dca82',
35 silly install resolved        tarball: 'http://registry.npmjs.org/bower/-/bower-1.7.1.tgz' },
35 silly install resolved     maintainers:
35 silly install resolved      [ [Object],
35 silly install resolved        [Object],
35 silly install resolved        [Object],
35 silly install resolved        [Object],
35 silly install resolved        [Object],
35 silly install resolved        [Object],
35 silly install resolved        [Object] ],
35 silly install resolved     directories: {},
35 silly install resolved     _resolved: 'https://registry.npmjs.org/bower/-/bower-1.7.1.tgz',
35 silly install resolved     readme: 'ERROR: No README data found!' } ]
36 info install bower@1.7.1 into /usr/local/lib
37 info installOne bower@1.7.1
38 verbose installOne of bower to /usr/local/lib not in flight; installing
39 verbose lock using /Users/troycampbell/.npm/_locks/bower-e8debc5417026b57.lock for /usr/local/lib/node_modules/bower
40 silly install write writing bower 1.7.1 to /usr/local/lib/node_modules/bower
41 verbose unbuild lib/node_modules/bower
42 info preuninstall bower@1.6.6
43 info uninstall bower@1.6.6
44 verbose unbuild rmStuff bower@1.6.6 from /usr/local/lib/node_modules
45 silly gentlyRm /usr/local/bin/bower is being gently removed
46 silly gentlyRm verifying /usr/local is an npm working directory
47 silly gentlyRm containing path /usr/local is under npm's control, in /usr/local
48 silly gentlyRm deletion target /usr/local/bin/bower is under /usr/local
49 verbose gentlyRm vacuuming from /usr/local/bin/bower up to /usr/local
50 info postuninstall bower@1.6.6
51 silly gentlyRm /usr/local/lib/node_modules/bower is being purged from base /usr/local
52 verbose gentlyRm don't care about contents; nuking /usr/local/lib/node_modules/bower
53 silly vacuum-fs purging /usr/local/lib/node_modules/bower
54 verbose unlock done using /Users/troycampbell/.npm/_locks/bower-e8debc5417026b57.lock for /usr/local/lib/node_modules/bower
55 verbose stack Error: EACCES: permission denied, rmdir '/usr/local/lib/node_modules/bower'
55 verbose stack     at Error (native)
56 verbose cwd /Users/troycampbell/Desktop/Fac/Bordeaux/2015-2016/Web/projet/web-dev/client/assets
57 error Darwin 13.4.0
58 error argv "/usr/local/bin/node" "/usr/local/bin/npm" "install" "-g" "bower"
59 error node v4.2.2
60 error npm  v2.14.7
61 error path /usr/local/lib/node_modules/bower
62 error code EACCES
63 error errno -13
64 error syscall rmdir
65 error Error: EACCES: permission denied, rmdir '/usr/local/lib/node_modules/bower'
65 error     at Error (native)
65 error  { [Error: EACCES: permission denied, rmdir '/usr/local/lib/node_modules/bower']
65 error   errno: -13,
65 error   code: 'EACCES',
65 error   syscall: 'rmdir',
65 error   path: '/usr/local/lib/node_modules/bower' }
66 error Please try running this command again as root/Administrator.
67 verbose exit [ -13, true ]
68 verbose unbuild lib/node_modules/bower
69 info preuninstall bower@1.6.6
70 info uninstall bower@1.6.6
71 verbose unbuild rmStuff bower@1.6.6 from /usr/local/lib/node_modules
72 silly gentlyRm /usr/local/bin/bower is being gently removed
73 silly gentlyRm verifying /usr/local is an npm working directory
74 silly gentlyRm containing path /usr/local is under npm's control, in /usr/local
75 silly gentlyRm deletion target /usr/local/bin/bower is under /usr/local
76 verbose gentlyRm vacuuming from /usr/local/bin/bower up to /usr/local
77 info postuninstall bower@1.6.6
78 silly gentlyRm /usr/local/lib/node_modules/bower is being purged from base /usr/local
79 verbose gentlyRm don't care about contents; nuking /usr/local/lib/node_modules/bower
80 silly vacuum-fs purging /usr/local/lib/node_modules/bower
81 error error rolling back Error: EACCES: permission denied, rmdir '/usr/local/lib/node_modules/bower'
81 error error rolling back     at Error (native)
81 error error rolling back  { [Error: EACCES: permission denied, rmdir '/usr/local/lib/node_modules/bower']
81 error error rolling back   errno: -13,
81 error error rolling back   code: 'EACCES',
81 error error rolling back   syscall: 'rmdir',
81 error error rolling back   path: '/usr/local/lib/node_modules/bower' }
